<?xml version="1.0" encoding="UTF-8"?>
<!-- Generated by org.testng.reporters.JUnitReportReporter -->
<testsuite hostname="Prema" failures="0" tests="5" name="runner.testrunner" time="442.232" errors="0" timestamp="2025-09-13T20:09:59 IST" skipped="0">
  <testcase classname="runner.testrunner" name="runScenario" time="42.121"/>
  <testcase classname="runner.testrunner" name="runScenario" time="14.229"/>
  <testcase classname="runner.testrunner" name="runScenario" time="141.367"/>
  <testcase classname="runner.testrunner" name="runScenario" time="227.616"/>
  <testcase classname="runner.testrunner" name="runScenario" time="16.899"/>
</testsuite> <!-- runner.testrunner -->
