<?xml version="1.0" encoding="UTF-8"?>
<!-- Generated by org.testng.reporters.JUnitReportReporter -->
<testsuite hostname="Prema" failures="0" tests="5" name="runner.testrunner" time="424.180" errors="0" timestamp="2025-09-13T16:52:06 IST" skipped="0">
  <testcase classname="runner.testrunner" name="runScenario" time="10.343"/>
  <testcase classname="runner.testrunner" name="runScenario" time="136.605"/>
  <testcase classname="runner.testrunner" name="runScenario" time="238.448"/>
  <testcase classname="runner.testrunner" name="runScenario" time="12.061"/>
  <testcase classname="runner.testrunner" name="runScenario" time="26.723"/>
</testsuite> <!-- runner.testrunner -->
